C:\USERS\YANXU\DOCUMENTS\VISUAL STUDIO 2010\PROJECTS\数独V2.0\DEBUG\数独.EXE
C:\USERS\YANXU\DOCUMENTS\VISUAL STUDIO 2010\PROJECTS\数独V2.0\DEBUG\数独.ILK
C:\USERS\YANXU\DOCUMENTS\VISUAL STUDIO 2010\PROJECTS\数独V2.0\DEBUG\数独.PDB
C:\USERS\YANXU\DOCUMENTS\VISUAL STUDIO 2010\PROJECTS\数独V2.0\数独\DEBUG\.NETFRAMEWORK,VERSION=V4.0.ASSEMBLYATTRIBUTES.OBJ
C:\Users\yanxu\Documents\Visual Studio 2010\Projects\数独v2.0\数独\Debug\.NETFramework,Version=v4.6.1.AssemblyAttributes.obj
C:\USERS\YANXU\DOCUMENTS\VISUAL STUDIO 2010\PROJECTS\数独V2.0\数独\DEBUG\ADMIN.OBJ
C:\USERS\YANXU\DOCUMENTS\VISUAL STUDIO 2010\PROJECTS\数独V2.0\数独\DEBUG\APP.RES
C:\USERS\YANXU\DOCUMENTS\VISUAL STUDIO 2010\PROJECTS\数独V2.0\数独\DEBUG\ASSEMBLYINFO.OBJ
C:\Users\yanxu\Documents\Visual Studio 2010\Projects\数独v2.0\数独\Debug\cl.command.1.tlog
C:\Users\yanxu\Documents\Visual Studio 2010\Projects\数独v2.0\数独\Debug\CL.read.1.tlog
C:\Users\yanxu\Documents\Visual Studio 2010\Projects\数独v2.0\数独\Debug\CL.write.1.tlog
C:\USERS\YANXU\DOCUMENTS\VISUAL STUDIO 2010\PROJECTS\数独V2.0\数独\DEBUG\FORM1.OBJ
C:\Users\yanxu\Documents\Visual Studio 2010\Projects\数独v2.0\数独\Debug\link.15648.read.1.tlog
C:\Users\yanxu\Documents\Visual Studio 2010\Projects\数独v2.0\数独\Debug\link.15648.write.1.tlog
C:\Users\yanxu\Documents\Visual Studio 2010\Projects\数独v2.0\数独\Debug\link.15648-cvtres.read.1.tlog
C:\Users\yanxu\Documents\Visual Studio 2010\Projects\数独v2.0\数独\Debug\link.15648-cvtres.write.1.tlog
C:\Users\yanxu\Documents\Visual Studio 2010\Projects\数独v2.0\数独\Debug\link.command.1.tlog
C:\Users\yanxu\Documents\Visual Studio 2010\Projects\数独v2.0\数独\Debug\link.read.1.tlog
C:\Users\yanxu\Documents\Visual Studio 2010\Projects\数独v2.0\数独\Debug\link.write.1.tlog
C:\Users\yanxu\Documents\Visual Studio 2010\Projects\数独v2.0\数独\Debug\metagen.read.1.tlog
C:\Users\yanxu\Documents\Visual Studio 2010\Projects\数独v2.0\数独\Debug\metagen.write.1.tlog
C:\USERS\YANXU\DOCUMENTS\VISUAL STUDIO 2010\PROJECTS\数独V2.0\数独\DEBUG\MODIFY.OBJ
C:\Users\yanxu\Documents\Visual Studio 2010\Projects\数独v2.0\数独\Debug\mt.command.1.tlog
C:\Users\yanxu\Documents\Visual Studio 2010\Projects\数独v2.0\数独\Debug\mt.read.1.tlog
C:\Users\yanxu\Documents\Visual Studio 2010\Projects\数独v2.0\数独\Debug\mt.write.1.tlog
C:\USERS\YANXU\DOCUMENTS\VISUAL STUDIO 2010\PROJECTS\数独V2.0\数独\DEBUG\MYLISTVIEW.OBJ
C:\USERS\YANXU\DOCUMENTS\VISUAL STUDIO 2010\PROJECTS\数独V2.0\数独\DEBUG\PSUDOKU.OBJ
C:\Users\yanxu\Documents\Visual Studio 2010\Projects\数独v2.0\数独\Debug\rc.command.1.tlog
C:\Users\yanxu\Documents\Visual Studio 2010\Projects\数独v2.0\数独\Debug\rc.read.1.tlog
C:\Users\yanxu\Documents\Visual Studio 2010\Projects\数独v2.0\数独\Debug\rc.write.1.tlog
C:\USERS\YANXU\DOCUMENTS\VISUAL STUDIO 2010\PROJECTS\数独V2.0\数独\DEBUG\SDOC.OBJ
C:\USERS\YANXU\DOCUMENTS\VISUAL STUDIO 2010\PROJECTS\数独V2.0\数独\DEBUG\SUDOKU.OBJ
C:\Users\yanxu\Documents\Visual Studio 2010\Projects\数独v2.0\数独\Debug\TZRES.DLL.bi
C:\USERS\YANXU\DOCUMENTS\VISUAL STUDIO 2010\PROJECTS\数独V2.0\数独\DEBUG\VC100.PDB
C:\Users\yanxu\Documents\Visual Studio 2010\Projects\数独v2.0\数独\Debug\vc141.pdb
C:\USERS\YANXU\DOCUMENTS\VISUAL STUDIO 2010\PROJECTS\数独V2.0\数独\DEBUG\XSUDOKU.OBJ
C:\Users\yanxu\Documents\Visual Studio 2010\Projects\数独v2.0\数独\Debug\数独.AddSudoku.resources
C:\Users\yanxu\Documents\Visual Studio 2010\Projects\数独v2.0\数独\Debug\数独.Admin.resources
C:\USERS\YANXU\DOCUMENTS\VISUAL STUDIO 2010\PROJECTS\数独V2.0\数独\DEBUG\数独.EXE.INTERMEDIATE.MANIFEST
C:\Users\yanxu\Documents\Visual Studio 2010\Projects\数独v2.0\数独\Debug\数独.Form1.resources
C:\Users\yanxu\Documents\Visual Studio 2010\Projects\数独v2.0\数独\Debug\数独.Modify.resources
C:\USERS\YANXU\DOCUMENTS\VISUAL STUDIO 2010\PROJECTS\数独V2.0\数独\DEBUG\数独.OBJ
C:\Users\yanxu\Documents\Visual Studio 2010\Projects\数独v2.0\数独\Debug\数独.vcxproj.GenerateResource.Cache
C:\Users\yanxu\Documents\Visual Studio 2010\Projects\数独v2.0\数独\Debug\数独.vcxprojResolveAssemblyReference.cache
C:\Users\yanxu\Documents\Visual Studio 2010\Projects\数独v2.0\数独\Debug\数独.write.1.tlog
