生成启动时间为 2017/6/3 18:38:09。
     1>项目“C:\Users\yanxu\Documents\Visual Studio 2010\Projects\数独v2.0\数独\数独.vcxproj”在节点 2 上(rebuild 个目标)。
     1>_PrepareForClean:
         正在删除文件“Debug\数独.lastbuildstate”。
       InitializeBuildStatus:
         正在创建“Debug\数独.unsuccessfulbuild”，因为已指定“AlwaysCreate”。
       GenerateTargetFrameworkMonikerAttribute:
       正在跳过目标“GenerateTargetFrameworkMonikerAttribute”，因为所有输出文件相对于输入文件而言都是最新的。
       ClCompile:
         C:\Program Files (x86)\Microsoft Visual Studio 10.0\VC\bin\CL.exe /c /AI"C:\Program Files (x86)\Reference Assemblies\Microsoft\Framework\.NETFramework\v4.0" /Zi /clr:pure /nologo /W3 /WX- /Od /Oy- /D WIN32 /D _DEBUG /D _UNICODE /D UNICODE /EHa /MDd /GS /fp:precise /Zc:wchar_t /Zc:forScope /Fo"Debug\\" /Fd"Debug\vc100.pdb" /TP /FU"C:\Program Files (x86)\Reference Assemblies\Microsoft\Framework\.NETFramework\v4.0\System.Core.dll" /FU"C:\Program Files (x86)\Reference Assemblies\Microsoft\Framework\.NETFramework\v4.0\System.Data.dll" /FU"C:\Program Files (x86)\Reference Assemblies\Microsoft\Framework\.NETFramework\v4.0\System.dll" /FU"C:\Program Files (x86)\Reference Assemblies\Microsoft\Framework\.NETFramework\v4.0\System.Drawing.dll" /FU"C:\Program Files (x86)\Reference Assemblies\Microsoft\Framework\.NETFramework\v4.0\System.Windows.Forms.dll" /FU"C:\Program Files (x86)\Reference Assemblies\Microsoft\Framework\.NETFramework\v4.0\System.Xml.dll" /analyze- /errorReport:prompt Admin.cpp AssemblyInfo.cpp Form1.cpp Modify.cpp MyListView.cpp PSudoku.cpp SDoc.cpp Sudoku.cpp XSudoku.cpp "数独.cpp" /clr:nostdlib 
         Admin.cpp
         AssemblyInfo.cpp
         Form1.cpp
         Modify.cpp
         MyListView.cpp
         PSudoku.cpp
         SDoc.cpp
         Sudoku.cpp
         XSudoku.cpp
         数独.cpp
         正在生成代码...
         C:\Program Files (x86)\Microsoft Visual Studio 10.0\VC\bin\CL.exe /c /Zi /clr:pure /nologo /W3 /WX- /Od /Oy- /D WIN32 /D _DEBUG /D _UNICODE /D UNICODE /EHa /MDd /GS /fp:precise /Zc:wchar_t /Zc:forScope /Fo"Debug\\" /Fd"Debug\vc100.pdb" /TP /analyze- /errorReport:prompt "C:\Users\yanxu\AppData\Local\Temp\.NETFramework,Version=v4.0.AssemblyAttributes.cpp"
         .NETFramework,Version=v4.0.AssemblyAttributes.cpp
       CoreResGen:
         "C:\Program Files (x86)\Microsoft SDKs\Windows\v7.0A\bin\NETFX 4.0 Tools\resgen.exe" /useSourcePath /r:"C:\Program Files (x86)\Reference Assemblies\Microsoft\Framework\.NETFramework\v4.0\System.Core.dll" /r:"C:\Program Files (x86)\Reference Assemblies\Microsoft\Framework\.NETFramework\v4.0\System.Data.dll" /r:"C:\Program Files (x86)\Reference Assemblies\Microsoft\Framework\.NETFramework\v4.0\System.dll" /r:"C:\Program Files (x86)\Reference Assemblies\Microsoft\Framework\.NETFramework\v4.0\System.Drawing.dll" /r:"C:\Program Files (x86)\Reference Assemblies\Microsoft\Framework\.NETFramework\v4.0\System.Windows.Forms.dll" /r:"C:\Program Files (x86)\Reference Assemblies\Microsoft\Framework\.NETFramework\v4.0\System.Xml.dll" /compile AddSudoku.resx,"Debug\数独.AddSudoku.resources" Admin.resx,"Debug\数独.Admin.resources" Form1.resX,"Debug\数独.Form1.resources" Modify.resx,"Debug\数独.Modify.resources"
         正在将资源文件“AddSudoku.resx”处理到“Debug\数独.AddSudoku.resources”中。
         正在将资源文件“Admin.resx”处理到“Debug\数独.Admin.resources”中。
         正在将资源文件“Form1.resX”处理到“Debug\数独.Form1.resources”中。
         正在将资源文件“Modify.resx”处理到“Debug\数独.Modify.resources”中。
       ResourceCompile:
         C:\Program Files (x86)\Microsoft SDKs\Windows\v7.0A\bin\rc.exe /D _UNICODE /D UNICODE /l"0x0409" /nologo /fo"Debug\app.res" app.rc 
       Link:
         C:\Program Files (x86)\Microsoft Visual Studio 10.0\VC\bin\link.exe /ERRORREPORT:PROMPT /OUT:"C:\Users\yanxu\Documents\Visual Studio 2010\Projects\数独v2.0\Debug\数独.exe" /INCREMENTAL /NOLOGO /ASSEMBLYRESOURCE:"Debug\数独.AddSudoku.resources" /ASSEMBLYRESOURCE:"Debug\数独.Admin.resources" /ASSEMBLYRESOURCE:"Debug\数独.Form1.resources" /ASSEMBLYRESOURCE:"Debug\数独.Modify.resources" /MANIFEST /ManifestFile:"Debug\数独.exe.intermediate.manifest" /MANIFESTUAC:"level='asInvoker' uiAccess='false'" /DEBUG /PDB:"C:\Users\yanxu\Documents\Visual Studio 2010\Projects\数独v2.0\Debug\数独.pdb" /ASSEMBLYDEBUG /SUBSYSTEM:WINDOWS /TLBID:1 /ENTRY:"main" /DYNAMICBASE /FIXED:NO /NXCOMPAT /MACHINE:X86 Debug\app.res
         Debug\Admin.obj
         Debug\AssemblyInfo.obj
         Debug\Form1.obj
         Debug\Modify.obj
         Debug\MyListView.obj
         Debug\PSudoku.obj
         Debug\SDoc.obj
         Debug\Sudoku.obj
         Debug\XSudoku.obj
         "Debug\数独.obj"
         "Debug\.NETFramework,Version=v4.0.AssemblyAttributes.obj"
         数独.vcxproj -> C:\Users\yanxu\Documents\Visual Studio 2010\Projects\数独v2.0\Debug\数独.exe
       Manifest:
         C:\Program Files (x86)\Microsoft SDKs\Windows\v7.0A\bin\mt.exe /nologo /verbose /outputresource:"C:\Users\yanxu\Documents\Visual Studio 2010\Projects\数独v2.0\Debug\数独.exe;#1" /manifest "Debug\数独.exe.intermediate.manifest"
       FinalizeBuildStatus:
         正在删除文件“Debug\数独.unsuccessfulbuild”。
         正在对“Debug\数独.lastbuildstate”执行 Touch 任务。
     1>已完成生成项目“C:\Users\yanxu\Documents\Visual Studio 2010\Projects\数独v2.0\数独\数独.vcxproj”(rebuild 个目标)的操作。

生成成功。

已用时间 00:00:04.05
