c:\users\yanxu\documents\visual studio 2017\projects\数独\数独\debug\vc141.pdb
c:\users\yanxu\documents\visual studio 2017\projects\数独\数独\debug\数独.obj
c:\users\yanxu\documents\visual studio 2017\projects\数独\数独\debug\sudoku.obj
c:\users\yanxu\documents\visual studio 2017\projects\数独\数独\debug\sdoc.obj
c:\users\yanxu\documents\visual studio 2017\projects\数独\数独\debug\form1.obj
c:\users\yanxu\documents\visual studio 2017\projects\数独\数独\debug\admin.obj
c:\users\yanxu\documents\visual studio 2017\projects\数独\数独\debug\addsudoku.obj
c:\users\yanxu\documents\visual studio 2017\projects\数独\数独\debug\.netframework,version=v4.6.1.assemblyattributes.obj
c:\users\yanxu\documents\visual studio 2017\projects\数独\数独\debug\.netframework,version=v4.6.1.assemblyattributes.asm
c:\users\yanxu\documents\visual studio 2017\projects\数独\数独\debug\modify.obj
c:\users\yanxu\documents\visual studio 2017\projects\数独\数独\debug\mylistview.obj
c:\users\yanxu\documents\visual studio 2017\projects\数独\debug\数独.exe
c:\users\yanxu\documents\visual studio 2017\projects\数独\debug\数独.pdb
c:\users\yanxu\documents\visual studio 2017\projects\数独\数独\debug\app.res
c:\users\yanxu\documents\visual studio 2017\projects\数独\数独\debug\数独.addsudoku.resources
c:\users\yanxu\documents\visual studio 2017\projects\数独\数独\debug\数独.admin.resources
c:\users\yanxu\documents\visual studio 2017\projects\数独\数独\debug\数独.form1.resources
c:\users\yanxu\documents\visual studio 2017\projects\数独\数独\debug\数独.modify.resources
c:\users\yanxu\documents\visual studio 2017\projects\数独\数独\debug\数独.vcxproj.generateresource.cache
c:\users\yanxu\documents\visual studio 2017\projects\数独\数独\debug\数独.vcxprojresolveassemblyreference.cache
c:\users\yanxu\documents\visual studio 2017\projects\数独\数独\debug\数独.tlog\cl.command.1.tlog
c:\users\yanxu\documents\visual studio 2017\projects\数独\数独\debug\数独.tlog\cl.read.1.tlog
c:\users\yanxu\documents\visual studio 2017\projects\数独\数独\debug\数独.tlog\cl.write.1.tlog
c:\users\yanxu\documents\visual studio 2017\projects\数独\数独\debug\数独.tlog\link.command.1.tlog
c:\users\yanxu\documents\visual studio 2017\projects\数独\数独\debug\数独.tlog\link.read.1.tlog
c:\users\yanxu\documents\visual studio 2017\projects\数独\数独\debug\数独.tlog\link.write.1.tlog
c:\users\yanxu\documents\visual studio 2017\projects\数独\数独\debug\数独.tlog\metagen.read.1.tlog
c:\users\yanxu\documents\visual studio 2017\projects\数独\数独\debug\数独.tlog\metagen.write.1.tlog
c:\users\yanxu\documents\visual studio 2017\projects\数独\数独\debug\数独.tlog\rc.command.1.tlog
c:\users\yanxu\documents\visual studio 2017\projects\数独\数独\debug\数独.tlog\rc.read.1.tlog
c:\users\yanxu\documents\visual studio 2017\projects\数独\数独\debug\数独.tlog\rc.write.1.tlog
c:\users\yanxu\documents\visual studio 2017\projects\数独\数独\debug\数独.tlog\数独.write.1u.tlog
c:\users\yanxu\documents\visual studio 2017\projects\数独\数独\debug\数独.tlog\tzres.dll.bi
