生成启动时间为 2017/4/12 20:57:51。
     1>项目“C:\Users\yanxu\documents\visual studio 2010\Projects\数独\数独\数独.vcxproj”在节点 2 上(build 个目标)。
     1>InitializeBuildStatus:
         正在创建“Debug\数独.unsuccessfulbuild”，因为已指定“AlwaysCreate”。
       GenerateTargetFrameworkMonikerAttribute:
       正在跳过目标“GenerateTargetFrameworkMonikerAttribute”，因为所有输出文件相对于输入文件而言都是最新的。
       ClCompile:
         所有输出均为最新。
         C:\Program Files (x86)\Microsoft Visual Studio 10.0\VC\bin\CL.exe /c /AI"C:\Program Files (x86)\Reference Assemblies\Microsoft\Framework\.NETFramework\v4.0" /Zi /clr:pure /nologo /W3 /WX- /Od /Oy- /D WIN32 /D _DEBUG /D _UNICODE /D UNICODE /EHa /MDd /GS /fp:precise /Zc:wchar_t /Zc:forScope /Yu"StdAfx.h" /Fp"Debug\数独.pch" /Fo"Debug\\" /Fd"Debug\vc100.pdb" /TP /FU"C:\Program Files (x86)\Reference Assemblies\Microsoft\Framework\.NETFramework\v4.0\System.Core.dll" /FU"C:\Program Files (x86)\Reference Assemblies\Microsoft\Framework\.NETFramework\v4.0\System.Data.dll" /FU"C:\Program Files (x86)\Reference Assemblies\Microsoft\Framework\.NETFramework\v4.0\System.dll" /FU"C:\Program Files (x86)\Reference Assemblies\Microsoft\Framework\.NETFramework\v4.0\System.Drawing.dll" /FU"C:\Program Files (x86)\Reference Assemblies\Microsoft\Framework\.NETFramework\v4.0\System.Windows.Forms.dll" /FU"C:\Program Files (x86)\Reference Assemblies\Microsoft\Framework\.NETFramework\v4.0\System.Xml.dll" /analyze- /errorReport:prompt Sudoku.cpp /clr:nostdlib 
         Sudoku.cpp
         所有输出均为最新。
       CoreResGen:
         没有相对于源文件而言已过期的资源。正在跳过资源生成操作。
       ResourceCompile:
         所有输出均为最新。
       Link:
         C:\Program Files (x86)\Microsoft Visual Studio 10.0\VC\bin\link.exe /ERRORREPORT:PROMPT /OUT:"C:\Users\yanxu\documents\visual studio 2010\Projects\数独\Debug\数独.exe" /INCREMENTAL /NOLOGO /ASSEMBLYRESOURCE:"Debug\数独.Admin.resources" /ASSEMBLYRESOURCE:"Debug\数独.Form1.resources" /MANIFEST /ManifestFile:"Debug\数独.exe.intermediate.manifest" /MANIFESTUAC:"level='asInvoker' uiAccess='false'" /DEBUG /PDB:"C:\Users\yanxu\documents\visual studio 2010\Projects\数独\Debug\数独.pdb" /ASSEMBLYDEBUG /SUBSYSTEM:WINDOWS /TLBID:1 /ENTRY:"main" /DYNAMICBASE /FIXED:NO /NXCOMPAT /MACHINE:X86 Debug\app.res
         Debug\Admin.obj
         Debug\AssemblyInfo.obj
         Debug\SDoc.obj
         Debug\stdafx.obj
         Debug\Sudoku.obj
         "Debug\数独.obj"
         "Debug\.NETFramework,Version=v4.0.AssemblyAttributes.obj"
         数独.vcxproj -> C:\Users\yanxu\documents\visual studio 2010\Projects\数独\Debug\数独.exe
       Manifest:
         C:\Program Files (x86)\Microsoft SDKs\Windows\v7.0A\bin\mt.exe /nologo /verbose /outputresource:"C:\Users\yanxu\documents\visual studio 2010\Projects\数独\Debug\数独.exe;#1" /manifest "Debug\数独.exe.intermediate.manifest"
       FinalizeBuildStatus:
         正在删除文件“Debug\数独.unsuccessfulbuild”。
         正在对“Debug\数独.lastbuildstate”执行 Touch 任务。
     1>已完成生成项目“C:\Users\yanxu\documents\visual studio 2010\Projects\数独\数独\数独.vcxproj”(build 个目标)的操作。

生成成功。

已用时间 00:00:02.63
